mode: set
github.com/luis-olivetti/go-weather-city/internal/entity/temperature.go:9.48,13.2 3 1
github.com/luis-olivetti/go-weather-city/internal/entity/temperature.go:15.40,17.2 1 1
github.com/luis-olivetti/go-weather-city/internal/entity/temperature.go:19.36,21.2 1 1
github.com/luis-olivetti/go-weather-city/internal/service/getCityAndWeatherByZipCodeImpl.go:26.35,31.2 1 1
github.com/luis-olivetti/go-weather-city/internal/service/getCityAndWeatherByZipCodeImpl.go:33.134,35.16 2 1
github.com/luis-olivetti/go-weather-city/internal/service/getCityAndWeatherByZipCodeImpl.go:35.16,36.52 1 1
github.com/luis-olivetti/go-weather-city/internal/service/getCityAndWeatherByZipCodeImpl.go:36.52,37.29 1 1
github.com/luis-olivetti/go-weather-city/internal/service/getCityAndWeatherByZipCodeImpl.go:37.29,39.5 1 1
github.com/luis-olivetti/go-weather-city/internal/service/getCityAndWeatherByZipCodeImpl.go:40.4,40.52 1 1
github.com/luis-olivetti/go-weather-city/internal/service/getCityAndWeatherByZipCodeImpl.go:42.3,42.23 1 1
github.com/luis-olivetti/go-weather-city/internal/service/getCityAndWeatherByZipCodeImpl.go:45.2,45.29 1 1
github.com/luis-olivetti/go-weather-city/internal/service/getCityAndWeatherByZipCodeImpl.go:45.29,47.3 1 1
github.com/luis-olivetti/go-weather-city/internal/service/getCityAndWeatherByZipCodeImpl.go:49.2,50.16 2 1
github.com/luis-olivetti/go-weather-city/internal/service/getCityAndWeatherByZipCodeImpl.go:50.16,53.3 2 1
github.com/luis-olivetti/go-weather-city/internal/service/getCityAndWeatherByZipCodeImpl.go:55.2,63.22 2 1
github.com/luis-olivetti/go-weather-city/internal/usecase/getDataWithViaCepApiUseCaseImpl.go:27.95,31.2 1 1
github.com/luis-olivetti/go-weather-city/internal/usecase/getDataWithViaCepApiUseCaseImpl.go:33.121,36.29 2 1
github.com/luis-olivetti/go-weather-city/internal/usecase/getDataWithViaCepApiUseCaseImpl.go:36.29,41.3 1 1
github.com/luis-olivetti/go-weather-city/internal/usecase/getDataWithViaCepApiUseCaseImpl.go:43.2,46.16 3 1
github.com/luis-olivetti/go-weather-city/internal/usecase/getDataWithViaCepApiUseCaseImpl.go:46.16,48.3 1 0
github.com/luis-olivetti/go-weather-city/internal/usecase/getDataWithViaCepApiUseCaseImpl.go:50.2,51.16 2 1
github.com/luis-olivetti/go-weather-city/internal/usecase/getDataWithViaCepApiUseCaseImpl.go:51.16,53.3 1 0
github.com/luis-olivetti/go-weather-city/internal/usecase/getDataWithViaCepApiUseCaseImpl.go:54.2,56.37 2 1
github.com/luis-olivetti/go-weather-city/internal/usecase/getDataWithViaCepApiUseCaseImpl.go:56.37,58.3 1 0
github.com/luis-olivetti/go-weather-city/internal/usecase/getDataWithViaCepApiUseCaseImpl.go:60.2,61.16 2 1
github.com/luis-olivetti/go-weather-city/internal/usecase/getDataWithViaCepApiUseCaseImpl.go:61.16,63.3 1 0
github.com/luis-olivetti/go-weather-city/internal/usecase/getDataWithViaCepApiUseCaseImpl.go:65.2,65.28 1 1
github.com/luis-olivetti/go-weather-city/internal/usecase/getDataWithViaCepApiUseCaseImpl.go:68.42,70.2 1 1
github.com/luis-olivetti/go-weather-city/internal/usecase/getTemperatureWithWeatherApiUseCaseImpl.go:34.111,38.2 1 1
github.com/luis-olivetti/go-weather-city/internal/usecase/getTemperatureWithWeatherApiUseCaseImpl.go:40.126,46.16 4 1
github.com/luis-olivetti/go-weather-city/internal/usecase/getTemperatureWithWeatherApiUseCaseImpl.go:46.16,48.3 1 0
github.com/luis-olivetti/go-weather-city/internal/usecase/getTemperatureWithWeatherApiUseCaseImpl.go:50.2,51.16 2 1
github.com/luis-olivetti/go-weather-city/internal/usecase/getTemperatureWithWeatherApiUseCaseImpl.go:51.16,53.3 1 0
github.com/luis-olivetti/go-weather-city/internal/usecase/getTemperatureWithWeatherApiUseCaseImpl.go:54.2,56.37 2 1
github.com/luis-olivetti/go-weather-city/internal/usecase/getTemperatureWithWeatherApiUseCaseImpl.go:56.37,58.3 1 1
github.com/luis-olivetti/go-weather-city/internal/usecase/getTemperatureWithWeatherApiUseCaseImpl.go:60.2,61.16 2 1
github.com/luis-olivetti/go-weather-city/internal/usecase/getTemperatureWithWeatherApiUseCaseImpl.go:61.16,63.3 1 0
github.com/luis-olivetti/go-weather-city/internal/usecase/getTemperatureWithWeatherApiUseCaseImpl.go:65.2,68.25 3 1
